<?xml version="1.0" encoding="UTF-8"?>
<!-- Generated by org.testng.reporters.JUnitXMLReporter -->
<testsuite ignored="0" hostname="LAPTOP-8KK73S62" failures="1" tests="5" name="Swag Labs Tests" time="28.086" errors="0" timestamp="2024-05-08T01:09:37 IST">
  <testcase classname="swaglabsTests.SwagLabsPositiveTestAutomationClass" name="validateFirstNameIsMandatoryField" time="1.031"/>
  <testcase classname="swaglabsTests.SwagLabsPositiveTestAutomationClass" name="validateLastNameIsMandatoryField" time="1.142"/>
  <testcase classname="swaglabsTests.SwagLabsPositiveTestAutomationClass" name="validatePostalCodeIsMandatoryField" time="1.094"/>
  <testcase classname="swaglabsTests.SwagLabsPositiveTestAutomationClass" name="validateUserIsAbleToPlaceOrder" time="1.852"/>
  <testcase classname="swaglabsTests.SwagLabsNegativeTestAutomationClass" name="validatePriceOfArticleAtCheckoutPage" time="1.504">
    <failure type="java.lang.AssertionError" message="Article price $29.99 does not match at cart submission page with subtotal price Item total: $59.98 expected [true] but found [false]">
      <![CDATA[java.lang.AssertionError: Article price $29.99 does not match at cart submission page with subtotal price Item total: $59.98 expected [true] but found [false]
at swaglabsTests.SwagLabsNegativeTestAutomationClass.validatePriceOfArticleAtCheckoutPage(SwagLabsNegativeTestAutomationClass.java:61)
at java.base/java.util.ArrayList.forEach(ArrayList.java:1541)
... Removed 30 stack frames]]>
    </failure>
  </testcase> <!-- validatePriceOfArticleAtCheckoutPage -->
</testsuite> <!-- Swag Labs Tests -->
